Base path: C:/Program Files/Unity/Editor/Data
Pipe name: \\.\pipe\UnityShaderCompiler-64bit-1-4272
Cmd: getPlatforms
Cmd: preprocess
  insize=1500 outsize=697 ok=1
Cmd: compileSnippet
  api=4 type=0 insize=1102 outsize=1266 kw=DUMMY pd= ok=1
Cmd: compileSnippet
  api=4 type=1 insize=1102 outsize=770 kw=DUMMY pd= ok=1
Cmd: preprocess
  insize=1398 outsize=595 ok=1
Cmd: compileSnippet
  api=4 type=0 insize=1102 outsize=1266 kw=DUMMY pd= ok=1
Cmd: compileSnippet
  api=4 type=1 insize=1102 outsize=770 kw=DUMMY pd= ok=1
Cmd: preprocess
  insize=1820 outsize=782 ok=1
Cmd: compileSnippet
  api=4 type=0 insize=1344 outsize=1843 kw= pd= ok=1
Cmd: compileSnippet
  api=4 type=1 insize=1344 outsize=1371 kw= pd= ok=1
Cmd: preprocess
  insize=610 outsize=610 ok=1
Cmd: preprocess
  insize=592 outsize=592 ok=1
Cmd: preprocess
  insize=1491 outsize=688 ok=1
Cmd: preprocess
  insize=526 outsize=526 ok=1
Cmd: preprocess
  insize=1419 outsize=616 ok=1
Cmd: preprocess
  insize=601 outsize=601 ok=1
Cmd: preprocess
  insize=1409 outsize=606 ok=1
Cmd: preprocess
  insize=535 outsize=535 ok=1
Cmd: compileSnippet
  api=4 type=0 insize=6816 outsize=3663 kw=DIRECTIONAL LIGHTMAP_OFF DIRLIGHTMAP_OFF DYNAMICLIGHTMAP_OFF pd= ok=1
Cmd: compileSnippet
  api=4 type=1 insize=6816 outsize=1314 kw=DIRECTIONAL LIGHTMAP_OFF DIRLIGHTMAP_OFF DYNAMICLIGHTMAP_OFF pd= ok=1
Cmd: compileSnippet
  api=4 type=0 insize=3588 outsize=2753 kw=DIRECTIONAL pd= ok=1
Cmd: compileSnippet
  api=4 type=1 insize=3588 outsize=1168 kw=DIRECTIONAL pd= ok=1
Cmd: compileSnippet
  api=4 type=0 insize=541 outsize=3533 kw=SHADOWS_DEPTH pd= ok=1
Cmd: compileSnippet
  api=4 type=1 insize=541 outsize=453 kw=SHADOWS_DEPTH pd= ok=1
Cmd: compileSnippet
  api=4 type=0 insize=7160 outsize=3752 kw=DIRECTIONAL SHADOWS_OFF LIGHTMAP_OFF DIRLIGHTMAP_OFF DYNAMICLIGHTMAP_OFF pd= ok=1
Cmd: compileSnippet
  api=4 type=1 insize=7160 outsize=1518 kw=DIRECTIONAL SHADOWS_OFF LIGHTMAP_OFF DIRLIGHTMAP_OFF DYNAMICLIGHTMAP_OFF pd= ok=1
Cmd: compileSnippet
  api=4 type=0 insize=3774 outsize=2753 kw=DIRECTIONAL pd= ok=1
Cmd: compileSnippet
  api=4 type=1 insize=3774 outsize=1168 kw=DIRECTIONAL pd= ok=1
Cmd: compileSnippet
  api=4 type=0 insize=751 outsize=3533 kw=SHADOWS_DEPTH pd= ok=1
Cmd: compileSnippet
  api=4 type=1 insize=751 outsize=380 kw=SHADOWS_DEPTH pd= ok=1
Cmd: compileSnippet
  api=4 type=0 insize=982 outsize=3979 kw=DIRECTIONAL SHADOWS_OFF LIGHTMAP_OFF DIRLIGHTMAP_OFF DYNAMICLIGHTMAP_OFF pd= ok=1
Cmd: compileSnippet
  api=4 type=1 insize=982 outsize=10618 kw=DIRECTIONAL SHADOWS_OFF LIGHTMAP_OFF DIRLIGHTMAP_OFF DYNAMICLIGHTMAP_OFF pd= ok=1
Cmd: compileSnippet
  api=4 type=0 insize=938 outsize=4101 kw=DIRECTIONAL SHADOWS_OFF pd= ok=1
Cmd: compileSnippet
  api=4 type=1 insize=938 outsize=5515 kw=DIRECTIONAL SHADOWS_OFF pd= ok=1
